SF:/Users/kyle/SotiSchema/lib/src/spec/spec.dart
DA:30,4
DA:62,4
DA:74,1
DA:75,1
DA:76,1
DA:77,1
DA:78,1
DA:79,1
DA:80,1
DA:81,1
DA:83,1
DA:84,1
DA:87,1
DA:88,1
DA:89,1
DA:90,1
DA:91,1
DA:92,1
DA:93,1
DA:95,1
DA:96,1
DA:97,1
DA:101,1
DA:112,1
DA:113,1
DA:114,1
DA:115,0
DA:116,0
DA:117,1
DA:118,1
DA:119,1
DA:120,1
DA:121,1
DA:149,4
DA:164,4
DA:175,4
DA:190,4
DA:201,4
DA:215,1
DA:216,1
DA:217,1
DA:218,1
DA:219,1
DA:220,1
DA:221,1
DA:222,1
DA:223,1
DA:224,1
DA:226,1
DA:227,1
DA:230,1
DA:231,1
DA:232,1
DA:233,1
DA:234,1
DA:235,1
DA:236,1
DA:237,1
DA:238,1
DA:240,1
DA:241,1
DA:242,1
DA:246,1
DA:259,1
DA:260,1
DA:261,1
DA:262,0
DA:263,1
DA:264,0
DA:265,1
DA:266,1
DA:267,1
DA:268,1
DA:269,1
DA:270,1
DA:280,4
DA:288,1
DA:289,1
DA:290,1
DA:291,1
DA:293,1
DA:294,1
DA:297,1
DA:298,1
DA:299,1
DA:301,1
DA:302,1
DA:303,1
DA:307,1
DA:314,1
DA:315,1
DA:316,0
DA:317,1
DA:318,1
DA:319,1
DA:338,3
DA:346,9
DA:349,1
DA:355,1
DA:356,1
DA:357,0
DA:358,1
DA:359,0
DA:381,4
DA:393,1
DA:394,1
DA:395,1
DA:396,1
DA:397,1
DA:398,1
DA:399,1
DA:400,1
DA:402,1
DA:403,1
DA:406,1
DA:407,1
DA:408,1
DA:409,1
DA:410,1
DA:411,1
DA:412,1
DA:414,1
DA:415,1
DA:416,1
DA:420,1
DA:431,1
DA:432,1
DA:433,1
DA:434,1
DA:435,0
DA:436,0
DA:437,1
DA:438,1
DA:439,1
DA:440,1
DA:462,4
DA:474,1
DA:475,1
DA:476,1
DA:477,1
DA:478,1
DA:479,1
DA:480,1
DA:481,1
DA:483,1
DA:484,1
DA:487,1
DA:488,1
DA:489,1
DA:490,1
DA:491,1
DA:492,1
DA:493,1
DA:495,1
DA:496,1
DA:497,1
DA:501,1
DA:512,1
DA:513,1
DA:514,1
DA:515,0
DA:516,0
DA:517,1
DA:518,1
DA:519,1
DA:520,1
DA:521,1
DA:537,4
DA:546,1
DA:547,1
DA:548,1
DA:549,1
DA:550,1
DA:552,1
DA:553,1
DA:556,1
DA:557,1
DA:558,1
DA:559,1
DA:561,1
DA:562,1
DA:563,1
DA:567,1
DA:575,1
DA:576,1
DA:577,1
DA:578,0
DA:579,0
DA:580,1
DA:581,1
DA:597,4
DA:604,9
DA:616,4
DA:625,1
DA:626,1
DA:627,1
DA:628,1
DA:629,1
DA:631,1
DA:632,1
DA:635,1
DA:636,1
DA:637,1
DA:638,1
DA:640,1
DA:641,1
DA:642,1
DA:646,1
DA:654,1
DA:655,0
DA:656,1
DA:657,1
DA:658,0
DA:659,1
DA:660,1
DA:682,4
DA:692,1
DA:693,1
DA:694,1
DA:695,1
DA:696,1
DA:697,1
DA:699,1
DA:700,1
DA:703,1
DA:704,1
DA:705,1
DA:706,1
DA:707,1
DA:709,1
DA:710,1
DA:711,1
DA:715,1
DA:724,1
DA:725,1
DA:726,0
DA:727,1
DA:728,1
DA:729,0
DA:730,1
DA:731,1
DA:744,4
DA:752,1
DA:753,1
DA:754,1
DA:756,1
DA:757,1
DA:758,1
DA:761,1
DA:762,1
DA:763,1
DA:764,1
DA:766,1
DA:767,1
DA:771,1
DA:778,1
DA:779,0
DA:780,0
DA:781,1
DA:782,1
DA:783,1
LF:261
LH:242
end_of_record
SF:/Users/kyle/SotiSchema/lib/src/utils/string_utils.dart
DA:5,1
DA:6,1
DA:8,2
DA:9,1
DA:11,3
DA:12,5
DA:16,1
DA:17,1
DA:19,2
DA:20,4
DA:24,2
DA:25,2
DA:28,2
DA:29,2
DA:30,8
DA:32,4
DA:33,4
DA:34,2
DA:38,1
DA:39,1
DA:40,5
DA:44,1
DA:45,1
DA:48,2
DA:49,2
DA:50,2
DA:51,2
DA:52,1
LF:28
LH:28
end_of_record
SF:/Users/kyle/SotiSchema/lib/src/emitters/emitter.dart
DA:12,3
DA:18,4
DA:19,2
LF:3
LH:3
end_of_record
SF:/Users/kyle/SotiSchema/lib/src/emitters/openapi_emitter.dart
DA:22,1
DA:26,1
DA:29,1
DA:31,1
DA:33,3
DA:36,1
DA:38,1
DA:39,1
DA:40,2
DA:41,5
DA:50,1
DA:52,2
DA:53,2
DA:54,2
DA:55,2
DA:56,2
DA:57,2
DA:58,2
DA:59,2
DA:60,2
DA:64,1
DA:65,0
DA:67,1
DA:68,1
DA:70,3
DA:72,2
DA:73,3
DA:75,2
DA:80,1
DA:81,2
DA:83,1
DA:86,1
DA:87,1
DA:88,2
DA:89,0
DA:90,0
DA:98,1
DA:99,1
DA:101,1
DA:102,3
DA:104,1
DA:105,2
DA:107,1
DA:108,2
DA:110,1
DA:111,2
DA:113,1
DA:114,2
DA:120,1
DA:121,1
DA:122,1
DA:125,1
DA:126,1
DA:127,2
DA:128,2
DA:129,1
DA:131,2
DA:134,2
DA:137,1
DA:138,1
DA:139,2
DA:140,2
DA:141,1
DA:143,2
DA:146,2
DA:149,1
DA:150,2
DA:152,1
DA:153,2
DA:159,1
DA:160,1
DA:162,1
DA:163,2
DA:169,1
DA:170,1
DA:172,1
DA:173,2
DA:176,2
DA:177,0
DA:178,0
DA:179,0
DA:180,0
DA:184,2
DA:185,0
DA:188,1
DA:189,1
DA:195,1
DA:196,1
DA:198,3
DA:201,1
DA:202,2
DA:204,1
DA:205,2
DA:207,1
DA:208,1
DA:210,1
DA:211,2
DA:217,1
DA:218,1
DA:220,3
DA:224,1
DA:225,1
DA:227,5
DA:231,1
DA:232,1
DA:234,6
DA:237,1
DA:238,2
DA:239,1
DA:246,1
DA:248,1
DA:249,2
DA:253,1
DA:255,1
DA:256,1
DA:257,1
DA:258,1
DA:259,1
DA:260,1
DA:261,1
DA:262,1
DA:263,1
DA:264,1
DA:265,1
DA:266,1
DA:267,1
DA:268,1
LF:127
LH:119
end_of_record
SF:/Users/kyle/SotiSchema/lib/src/emitters/json_schema_emitter.dart
DA:27,1
DA:31,1
DA:34,1
DA:36,1
DA:38,1
DA:39,1
DA:40,3
DA:41,1
DA:45,2
DA:46,2
DA:47,2
DA:48,5
DA:58,1
DA:60,2
DA:61,2
DA:62,2
DA:63,2
DA:64,2
DA:65,2
DA:66,2
DA:67,2
DA:68,2
DA:72,1
DA:73,2
DA:75,1
DA:76,1
DA:78,3
DA:79,2
DA:83,2
DA:84,1
DA:85,1
DA:86,2
DA:87,0
DA:88,0
DA:95,1
DA:96,1
DA:98,1
DA:99,3
DA:101,1
DA:102,2
DA:104,1
DA:105,2
DA:107,1
DA:108,2
DA:110,1
DA:111,2
DA:117,1
DA:118,1
DA:119,1
DA:122,1
DA:123,1
DA:124,2
DA:126,2
DA:129,1
DA:130,1
DA:131,2
DA:133,2
DA:136,1
DA:137,2
DA:139,1
DA:140,2
DA:146,1
DA:147,1
DA:149,1
DA:150,2
DA:156,1
DA:157,1
DA:159,1
DA:160,2
DA:163,2
DA:164,2
DA:165,2
DA:166,3
DA:167,4
DA:171,2
DA:172,2
DA:175,1
DA:176,1
DA:182,1
DA:183,1
DA:185,3
DA:188,1
DA:189,2
DA:191,1
DA:192,2
DA:194,1
DA:195,1
DA:197,1
DA:198,2
DA:204,1
DA:205,1
DA:207,3
DA:211,1
DA:212,1
DA:214,5
DA:218,1
DA:219,1
DA:221,6
DA:224,1
DA:225,2
DA:226,1
DA:233,1
DA:234,1
DA:235,2
DA:239,1
DA:241,1
DA:242,1
DA:243,1
DA:244,1
DA:245,1
DA:246,1
DA:247,1
DA:248,1
DA:249,1
DA:250,1
DA:251,1
DA:252,1
DA:253,1
DA:254,1
LF:119
LH:117
end_of_record
SF:/Users/kyle/SotiSchema/lib/src/emitters/protobuf_emitter.dart
DA:14,1
DA:19,1
DA:22,1
DA:24,1
DA:27,3
DA:28,1
DA:30,1
DA:31,3
DA:32,1
DA:36,1
DA:39,3
DA:40,1
DA:41,3
DA:44,1
DA:47,1
DA:54,1
DA:55,1
DA:56,1
DA:57,1
DA:58,1
DA:59,1
DA:60,0
DA:61,0
DA:62,0
DA:63,0
DA:64,0
DA:65,0
DA:71,1
DA:77,1
DA:79,1
DA:80,3
DA:83,2
DA:86,3
DA:87,1
DA:88,2
DA:89,2
DA:91,2
DA:92,4
DA:95,1
DA:96,2
DA:97,1
DA:100,1
DA:103,1
DA:108,0
DA:110,1
DA:111,3
DA:114,2
DA:117,3
DA:120,2
DA:121,4
DA:122,1
DA:123,3
DA:125,2
DA:126,1
DA:129,1
DA:132,1
DA:138,1
DA:140,1
DA:141,3
DA:144,2
DA:145,1
DA:148,2
DA:149,2
DA:150,3
DA:151,1
DA:154,1
DA:155,1
DA:158,2
DA:159,1
DA:160,1
DA:164,1
DA:166,1
DA:167,2
DA:168,1
DA:169,4
DA:170,2
DA:171,2
DA:172,2
DA:173,2
DA:174,2
DA:175,2
LF:81
LH:74
end_of_record
